Z:\Projects\15500-Sutter Health Eden\Transfer\20161025 as-builts to put on smartcabinet\Final Deliverables\10 Record Set\20 CAD\20 CAD Sheets\Architecture\GI200.dwg,Layout1,2/13/2017 4:02:49 PM,Jin Yang,Adobe PDF,11 x 17,1:2.67633,
Z:\Projects\15500-Sutter Health Eden\Transfer\20161025 as-builts to put on smartcabinet\Final Deliverables\10 Record Set\20 CAD\20 CAD Sheets\Architecture\GI122.dwg,Layout1,2/13/2017 4:07:47 PM,Jin Yang,Adobe PDF,11 x 17,1:2.67633,
Z:\Projects\15500-Sutter Health Eden\Transfer\20161025 as-builts to put on smartcabinet\Final Deliverables\10 Record Set\20 CAD\20 CAD Sheets\Architecture\GI122.dwg,Layout1,2/13/2017 4:09:01 PM,Jin Yang,Adobe PDF,11 x 17,1:2.67633,
Z:\Projects\15500-Sutter Health Eden\Transfer\20161025 as-builts to put on smartcabinet\Final Deliverables\10 Record Set\20 CAD\20 CAD Sheets\Architecture\GI103-1.dwg,Layout1,2/13/2017 4:12:12 PM,Jin Yang,Adobe PDF,11 x 17,1:2.67633,
Z:\Projects\15500-Sutter Health Eden\Transfer\20161025 as-builts to put on smartcabinet\Final Deliverables\10 Record Set\20 CAD\20 CAD Sheets\Architecture\AE110.dwg,Layout1,2/13/2017 4:16:01 PM,Jin Yang,Adobe PDF,11 x 17,1:2.67633,
Z:\Projects\15500-Sutter Health Eden\Transfer\20161025 as-builts to put on smartcabinet\Final Deliverables\10 Record Set\20 CAD\20 CAD Sheets\Architecture\AE111.dwg,Layout1,2/13/2017 4:21:08 PM,Jin Yang,Adobe PDF,11 x 17,1:2.67633,
Z:\Projects\15500-Sutter Health Eden\Transfer\20161025 as-builts to put on smartcabinet\Final Deliverables\10 Record Set\20 CAD\20 CAD Sheets\Architecture\AE112.dwg,Layout1,2/13/2017 4:22:11 PM,Jin Yang,Adobe PDF,11 x 17,1:2.67633,
Z:\Projects\15500-Sutter Health Eden\Work\20 CAD Sheets\Architecture\AE113.dwg,Layout1,2/13/2017 4:23:27 PM,Jin Yang,Adobe PDF,11 x 17,1:2.67633,
Z:\Projects\15500-Sutter Health Eden\Work\20 CAD Sheets\Architecture\AE114.dwg,Layout1,2/13/2017 4:24:36 PM,Jin Yang,Adobe PDF,11 x 17,1:2.67633,
Z:\Projects\15500-Sutter Health Eden\Work\20 CAD Sheets\Architecture\AE115.dwg,Layout1,2/13/2017 4:25:30 PM,Jin Yang,Adobe PDF,Letter,1:3.70957,
Z:\Projects\15500-Sutter Health Eden\Work\20 CAD Sheets\Architecture\AE115.dwg,Layout1,2/13/2017 4:26:07 PM,Jin Yang,Adobe PDF,11 x 17,1:2.67614,
Z:\Projects\15500-Sutter Health Eden\Work\20 CAD Sheets\Architecture\AE116.dwg,Layout1,2/13/2017 4:26:52 PM,Jin Yang,Adobe PDF,11 x 17,1:2.67633,
Z:\Projects\15500-Sutter Health Eden\Work\20 CAD Sheets\Architecture\AE115.dwg,Layout1,2/13/2017 4:33:11 PM,Jin Yang,Adobe PDF,11 x 17,1:2.67628,
Z:\Projects\15500-Sutter Health Eden\Work\20 CAD Sheets\Architecture\AE116.dwg,Layout1,2/13/2017 4:34:16 PM,Jin Yang,Adobe PDF,11 x 17,1:2.67627,
Z:\Projects\15500-Sutter Health Eden\Work\20 CAD Sheets\Architecture\AE117.dwg,Layout1,2/13/2017 4:53:02 PM,Jin Yang,Adobe PDF.pc3,45.5x30,1:1,
Z:\Projects\15500-Sutter Health Eden\Work\20 CAD Sheets\Architecture\AE116.dwg,Layout1,2/13/2017 4:57:36 PM,Jin Yang,Adobe PDF,11 x 17,1:2.67627,
Z:\Projects\15500-Sutter Health Eden\Work\20 CAD Sheets\Architecture\AE116.dwg,Layout1,2/13/2017 4:58:33 PM,Jin Yang,Adobe PDF,11 x 17,1:2.67627,
Z:\Projects\15500-Sutter Health Eden\Work\20 CAD Sheets\Architecture\AF106.dwg,Layout1,2/14/2017 10:22:51 AM,Jin Yang,Adobe PDF,11 x 17,1:2.73099,
Z:\Projects\15500-Sutter Health Eden\Work\20 CAD Sheets\Architecture\AF105.dwg,Layout1,2/14/2017 10:24:38 AM,Jin Yang,Adobe PDF,11 x 17,1:2.73703,
Z:\Projects\15151-ABSMC-Data Migration\Buildings\Alta Bates\CAD Links\ASH-LL.dwg,30x42,3/27/2017 9:38:45 AM,Jin Yang,Adobe PDF.pc3,Arch E1,1:1,
Z:\Projects\15151-ABSMC-Data Migration\Buildings\Alta Bates\CAD Links\ASH-01.dwg,30x42,3/27/2017 9:42:14 AM,Jin Yang,Adobe PDF.pc3,Arch E1,1:1,
Z:\Projects\15151-ABSMC-Data Migration\Buildings\Alta Bates\CAD Links\ASH-04.dwg,30x42,3/27/2017 9:45:00 AM,Jin Yang,Adobe PDF.pc3,Arch E1,1:1,
